PLINK v1.90b7 64-bit (16 Jan 2023)
Options in effect:
  --bfile EUR
  --extract EUR.QC.prune.in
  --het
  --keep EUR.QC.fam
  --out EUR.QC

Hostname: humgendiv
Working directory: /home/hmiwa/hmiwa/hmiwa-lab/d_20231023/03_231113_TutorialPRS/data
Start time: Mon Nov 13 02:57:06 2023

Random number seed: 1699811826
257564 MB RAM detected; reserving 128782 MB for main workspace.
551892 variants loaded from .bim file.
503 people (240 males, 263 females) loaded from .fam.
--extract: 268457 variants remaining.
--keep: 489 people remaining.
Using 1 thread (no multithreaded calculations invoked).
Before main variant filters, 489 founders and 0 nonfounders present.
Calculating allele frequencies... done.
Warning: 558 het. haploid genotypes present (see EUR.QC.hh ); many commands
treat these as missing.
Total genotyping rate in remaining samples is 0.999958.
268457 variants and 489 people pass filters and QC.
Note: No phenotypes present.
--het: 263228 variants scanned, report written to EUR.QC.het .

End time: Mon Nov 13 02:57:06 2023
